c:\users\chengk\documents\visual studio 2015\projects\imagerender\imagerender\x64\release\vc140.pdb
c:\users\chengk\documents\visual studio 2015\projects\imagerender\imagerender\x64\release\cartoon.obj
c:\users\chengk\documents\visual studio 2015\projects\imagerender\imagerender\x64\release\worlde.obj
c:\users\chengk\documents\visual studio 2015\projects\imagerender\imagerender\x64\release\watercolor.obj
c:\users\chengk\documents\visual studio 2015\projects\imagerender\imagerender\x64\release\sethue.obj
c:\users\chengk\documents\visual studio 2015\projects\imagerender\imagerender\x64\release\oilpaint.obj
c:\users\chengk\documents\visual studio 2015\projects\imagerender\imagerender\x64\release\mtxxoilpaint.obj
c:\users\chengk\documents\visual studio 2015\projects\imagerender\imagerender\x64\release\mtxxlifesketch.obj
c:\users\chengk\documents\visual studio 2015\projects\imagerender\imagerender\x64\release\mtxxcq.obj
c:\users\chengk\documents\visual studio 2015\projects\imagerender\imagerender\x64\release\linedrawing.obj
c:\users\chengk\documents\visual studio 2015\projects\imagerender\imagerender\x64\release\edgetangentflow.obj
c:\users\chengk\documents\visual studio 2015\projects\imagerender\imagerender\x64\release\dermabrasion.obj
c:\users\chengk\documents\visual studio 2015\projects\imagerender\imagerender\x64\release\curve.obj
c:\users\chengk\documents\visual studio 2015\projects\imagerender\imagerender\x64\release\colorspace.obj
c:\users\chengk\documents\visual studio 2015\projects\imagerender\imagerender\x64\release\colorbalance.obj
c:\users\chengk\documents\visual studio 2015\projects\imagerender\imagerender\x64\release\coherencefilter.obj
c:\users\chengk\documents\visual studio 2015\projects\imagerender\imagerender\x64\release\setsaturation.obj
c:\users\chengk\documents\visual studio 2015\projects\imagerender\imagerender\x64\release\pencildraw.obj
c:\users\chengk\documents\visual studio 2015\projects\imagerender\imagerender\x64\release\gta5style.obj
c:\users\chengk\documents\visual studio 2015\projects\imagerender\x64\release\imagerender.lib
c:\users\chengk\documents\visual studio 2015\projects\imagerender\x64\release\imagerender.exp
c:\users\chengk\documents\visual studio 2015\projects\imagerender\x64\release\imagerender.dll
c:\users\chengk\documents\visual studio 2015\projects\imagerender\x64\release\imagerender.ipdb
c:\users\chengk\documents\visual studio 2015\projects\imagerender\x64\release\imagerender.iobj
c:\users\chengk\documents\visual studio 2015\projects\imagerender\x64\release\imagerender.pdb
c:\users\chengk\documents\visual studio 2015\projects\imagerender\imagerender\x64\release\imagerender.tlog\cl.command.1.tlog
c:\users\chengk\documents\visual studio 2015\projects\imagerender\imagerender\x64\release\imagerender.tlog\cl.read.1.tlog
c:\users\chengk\documents\visual studio 2015\projects\imagerender\imagerender\x64\release\imagerender.tlog\cl.write.1.tlog
c:\users\chengk\documents\visual studio 2015\projects\imagerender\imagerender\x64\release\imagerender.tlog\imagerender.write.1u.tlog
c:\users\chengk\documents\visual studio 2015\projects\imagerender\imagerender\x64\release\imagerender.tlog\link.command.1.tlog
c:\users\chengk\documents\visual studio 2015\projects\imagerender\imagerender\x64\release\imagerender.tlog\link.read.1.tlog
c:\users\chengk\documents\visual studio 2015\projects\imagerender\imagerender\x64\release\imagerender.tlog\link.write.1.tlog
